<html>
<head>
<title>TestNG:  ChromeTest(failed)(failed)(failed)</title>
<link href="../testng.css" rel="stylesheet" type="text/css" />
<link href="../my-testng.css" rel="stylesheet" type="text/css" />

<style type="text/css">
.log { display: none;} 
.stack-trace { display: none;} 
</style>
<script type="text/javascript">
<!--
function flip(e) {
  current = e.style.display;
  if (current == 'block') {
    e.style.display = 'none';
    return 0;
  }
  else {
    e.style.display = 'block';
    return 1;
  }
}

function toggleBox(szDivId, elem, msg1, msg2)
{
  var res = -1;  if (document.getElementById) {
    res = flip(document.getElementById(szDivId));
  }
  else if (document.all) {
    // this is the way old msie versions work
    res = flip(document.all[szDivId]);
  }
  if(elem) {
    if(res == 0) elem.innerHTML = msg1; else elem.innerHTML = msg2;
  }

}

function toggleAllBoxes() {
  if (document.getElementsByTagName) {
    d = document.getElementsByTagName('div');
    for (i = 0; i < d.length; i++) {
      if (d[i].className == 'log') {
        flip(d[i]);
      }
    }
  }
}

// -->
</script>

</head>
<body>
<h2 align='center'>ChromeTest(failed)(failed)(failed)</h2><table border='1' align="center">
<tr>
<td>Tests passed/Failed/Skipped:</td><td>0/1/0</td>
</tr><tr>
<td>Started on:</td><td>Wed Mar 29 14:46:10 IST 2023</td>
</tr>
<tr><td>Total time:</td><td>55 seconds (55700 ms)</td>
</tr><tr>
<td>Included groups:</td><td></td>
</tr><tr>
<td>Excluded groups:</td><td></td>
</tr>
</table><p/>
<small><i>(Hover the method name to see the test class name)</i></small><p/>
<table width='100%' border='1' class='invocation-failed'>
<tr><td colspan='4' align='center'><b>FAILED TESTS</b></td></tr>
<tr><td><b>Test method</b></td>
<td width="30%"><b>Exception</b></td>
<td width="10%"><b>Time (seconds)</b></td>
<td><b>Instance</b></td>
</tr>
<tr>
<td title='testNgpack.ToVerifyAddToCartOptionaOnApplication.testng1()'><b>testng1</b><br>Test class: testNgpack.ToVerifyAddToCartOptionaOnApplication</td>
<td><div><pre>java.lang.AssertionError: expected [] but found [https://www.amazon.in/ap/signin?_encoding=UTF8&amp;openid.assoc_handle=amazon_checkout_in&amp;openid.claimed_id=http%3A%2F%2Fspecs.openid.net%2Fauth%2F2.0%2Fidentifier_select&amp;openid.identity=http%3A%2F%2Fspecs.openid.net%2Fauth%2F2.0%2Fidentifier_select&amp;openid.mode=checkid_setup&amp;openid.ns=http%3A%2F%2Fspecs.openid.net%2Fauth%2F2.0&amp;openid.ns.pape=http%3A%2F%2Fspecs.openid.net%2Fextensions%2Fpape%2F1.0&amp;openid.pape.max_auth_age=0&amp;openid.return_to=https%3A%2F%2Fwww.amazon.in%2Fgp%2Fcheckoutportal%2Fenter-checkout.html%3Fie%3DUTF8%26asin%3DB07WHSDXQD%26buyNow%3D1%26cartCustomerID%3D0%26fromSignIn%3D1%26isBuyBack%3D0%26isGift%3D0%26offeringID%3D1gLAZJjAe9sB4k97L2KIUoq3HPhx3TnMtr8agk87HuGee2jxiYRJ5V7grZbMAos0JB3S6L%25252BrhLJ28GHhETfs3AXJllCOJwRUg4nXnHj%25252F8qI6jNaY08dPceB0MO%25252B2LcXBij1p1yO%25252FtnKc6Z8S%25252BSODL9AmZULzrZgLY9RBLL002qxY97eYxMDzyMy1GjVRLzFi%26quantity%3D1%26sessionID%3D257-3542377-0228821&amp;pageId=amazon_checkout_in&amp;showRmrMe=0&amp;siteState=IMBMsgs.&amp;suppressSignInRadioButtons=0]
	at testNgpack.ToVerifyAddToCartOptionaOnApplication.testng1(ToVerifyAddToCartOptionaOnApplication.java:117)
	at java.base/java.util.concurrent.ThreadPoolExecutor.runWorker(ThreadPoolExecutor.java:1136)
	at java.base/java.util.concurrent.ThreadPoolExecutor$Worker.run(ThreadPoolExecutor.java:635)
	at java.base/java.lang.Thread.run(Thread.java:833)
... Removed 18 stack frames</pre></div><a href='#' onClick='toggleBox("stack-trace573703375", this, "Click to show all stack frames", "Click to hide stack frames")'>Click to show all stack frames</a>
<div class='stack-trace' id='stack-trace573703375'><pre>java.lang.AssertionError: expected [] but found [https://www.amazon.in/ap/signin?_encoding=UTF8&amp;openid.assoc_handle=amazon_checkout_in&amp;openid.claimed_id=http%3A%2F%2Fspecs.openid.net%2Fauth%2F2.0%2Fidentifier_select&amp;openid.identity=http%3A%2F%2Fspecs.openid.net%2Fauth%2F2.0%2Fidentifier_select&amp;openid.mode=checkid_setup&amp;openid.ns=http%3A%2F%2Fspecs.openid.net%2Fauth%2F2.0&amp;openid.ns.pape=http%3A%2F%2Fspecs.openid.net%2Fextensions%2Fpape%2F1.0&amp;openid.pape.max_auth_age=0&amp;openid.return_to=https%3A%2F%2Fwww.amazon.in%2Fgp%2Fcheckoutportal%2Fenter-checkout.html%3Fie%3DUTF8%26asin%3DB07WHSDXQD%26buyNow%3D1%26cartCustomerID%3D0%26fromSignIn%3D1%26isBuyBack%3D0%26isGift%3D0%26offeringID%3D1gLAZJjAe9sB4k97L2KIUoq3HPhx3TnMtr8agk87HuGee2jxiYRJ5V7grZbMAos0JB3S6L%25252BrhLJ28GHhETfs3AXJllCOJwRUg4nXnHj%25252F8qI6jNaY08dPceB0MO%25252B2LcXBij1p1yO%25252FtnKc6Z8S%25252BSODL9AmZULzrZgLY9RBLL002qxY97eYxMDzyMy1GjVRLzFi%26quantity%3D1%26sessionID%3D257-3542377-0228821&amp;pageId=amazon_checkout_in&amp;showRmrMe=0&amp;siteState=IMBMsgs.&amp;suppressSignInRadioButtons=0]
	at org.testng.Assert.fail(Assert.java:99)
	at org.testng.Assert.failNotEquals(Assert.java:1037)
	at org.testng.Assert.assertEqualsImpl(Assert.java:140)
	at org.testng.Assert.assertEquals(Assert.java:122)
	at org.testng.Assert.assertEquals(Assert.java:629)
	at org.testng.Assert.assertEquals(Assert.java:639)
	at testNgpack.ToVerifyAddToCartOptionaOnApplication.testng1(ToVerifyAddToCartOptionaOnApplication.java:117)
	at java.base/jdk.internal.reflect.NativeMethodAccessorImpl.invoke0(Native Method)
	at java.base/jdk.internal.reflect.NativeMethodAccessorImpl.invoke(NativeMethodAccessorImpl.java:77)
	at java.base/jdk.internal.reflect.DelegatingMethodAccessorImpl.invoke(DelegatingMethodAccessorImpl.java:43)
	at java.base/java.lang.reflect.Method.invoke(Method.java:568)
	at org.testng.internal.MethodInvocationHelper.invokeMethod(MethodInvocationHelper.java:133)
	at org.testng.internal.TestInvoker.invokeMethod(TestInvoker.java:598)
	at org.testng.internal.TestInvoker.invokeTestMethod(TestInvoker.java:173)
	at org.testng.internal.MethodRunner.runInSequence(MethodRunner.java:46)
	at org.testng.internal.TestInvoker$MethodInvocationAgent.invoke(TestInvoker.java:824)
	at org.testng.internal.TestInvoker.invokeTestMethods(TestInvoker.java:146)
	at org.testng.internal.TestMethodWorker.invokeTestMethods(TestMethodWorker.java:146)
	at org.testng.internal.TestMethodWorker.run(TestMethodWorker.java:128)
	at java.base/java.util.concurrent.ThreadPoolExecutor.runWorker(ThreadPoolExecutor.java:1136)
	at java.base/java.util.concurrent.ThreadPoolExecutor$Worker.run(ThreadPoolExecutor.java:635)
	at java.base/java.lang.Thread.run(Thread.java:833)
</pre></div></td>
<td>27</td>
<td>testNgpack.ToVerifyAddToCartOptionaOnApplication@6eda5c9</td></tr>
</table><p>
</body>
</html>