<?xml version="1.0" encoding="UTF-8"?>
<!-- Generated by org.testng.reporters.JUnitXMLReporter -->
<testsuite ignored="2" hostname="Atharva" failures="1" tests="1" name="ChromeTest(failed)(failed)(failed)" time="55.7" errors="0" timestamp="2023-03-29T14:47:06 IST">
  <testcase classname="testNgpack.ToVerifyAddToCartOptionaOnApplication" name="testng1" time="27.995">
    <failure type="java.lang.AssertionError" message="expected [] but found [https://www.amazon.in/ap/signin?_encoding=UTF8&amp;amp;openid.assoc_handle=amazon_checkout_in&amp;amp;openid.claimed_id=http%3A%2F%2Fspecs.openid.net%2Fauth%2F2.0%2Fidentifier_select&amp;amp;openid.identity=http%3A%2F%2Fspecs.openid.net%2Fauth%2F2.0%2Fidentifier_select&amp;amp;openid.mode=checkid_setup&amp;amp;openid.ns=http%3A%2F%2Fspecs.openid.net%2Fauth%2F2.0&amp;amp;openid.ns.pape=http%3A%2F%2Fspecs.openid.net%2Fextensions%2Fpape%2F1.0&amp;amp;openid.pape.max_auth_age=0&amp;amp;openid.return_to=https%3A%2F%2Fwww.amazon.in%2Fgp%2Fcheckoutportal%2Fenter-checkout.html%3Fie%3DUTF8%26asin%3DB07WHSDXQD%26buyNow%3D1%26cartCustomerID%3D0%26fromSignIn%3D1%26isBuyBack%3D0%26isGift%3D0%26offeringID%3D1gLAZJjAe9sB4k97L2KIUoq3HPhx3TnMtr8agk87HuGee2jxiYRJ5V7grZbMAos0JB3S6L%25252BrhLJ28GHhETfs3AXJllCOJwRUg4nXnHj%25252F8qI6jNaY08dPceB0MO%25252B2LcXBij1p1yO%25252FtnKc6Z8S%25252BSODL9AmZULzrZgLY9RBLL002qxY97eYxMDzyMy1GjVRLzFi%26quantity%3D1%26sessionID%3D257-3542377-0228821&amp;amp;pageId=amazon_checkout_in&amp;amp;showRmrMe=0&amp;amp;siteState=IMBMsgs.&amp;amp;suppressSignInRadioButtons=0]">
      <![CDATA[java.lang.AssertionError: expected [] but found [https://www.amazon.in/ap/signin?_encoding=UTF8&openid.assoc_handle=amazon_checkout_in&openid.claimed_id=http%3A%2F%2Fspecs.openid.net%2Fauth%2F2.0%2Fidentifier_select&openid.identity=http%3A%2F%2Fspecs.openid.net%2Fauth%2F2.0%2Fidentifier_select&openid.mode=checkid_setup&openid.ns=http%3A%2F%2Fspecs.openid.net%2Fauth%2F2.0&openid.ns.pape=http%3A%2F%2Fspecs.openid.net%2Fextensions%2Fpape%2F1.0&openid.pape.max_auth_age=0&openid.return_to=https%3A%2F%2Fwww.amazon.in%2Fgp%2Fcheckoutportal%2Fenter-checkout.html%3Fie%3DUTF8%26asin%3DB07WHSDXQD%26buyNow%3D1%26cartCustomerID%3D0%26fromSignIn%3D1%26isBuyBack%3D0%26isGift%3D0%26offeringID%3D1gLAZJjAe9sB4k97L2KIUoq3HPhx3TnMtr8agk87HuGee2jxiYRJ5V7grZbMAos0JB3S6L%25252BrhLJ28GHhETfs3AXJllCOJwRUg4nXnHj%25252F8qI6jNaY08dPceB0MO%25252B2LcXBij1p1yO%25252FtnKc6Z8S%25252BSODL9AmZULzrZgLY9RBLL002qxY97eYxMDzyMy1GjVRLzFi%26quantity%3D1%26sessionID%3D257-3542377-0228821&pageId=amazon_checkout_in&showRmrMe=0&siteState=IMBMsgs.&suppressSignInRadioButtons=0]
at testNgpack.ToVerifyAddToCartOptionaOnApplication.testng1(ToVerifyAddToCartOptionaOnApplication.java:117)
at java.base/java.util.concurrent.ThreadPoolExecutor.runWorker(ThreadPoolExecutor.java:1136)
at java.base/java.util.concurrent.ThreadPoolExecutor$Worker.run(ThreadPoolExecutor.java:635)
at java.base/java.lang.Thread.run(Thread.java:833)
... Removed 18 stack frames]]>
    </failure>
  </testcase> <!-- testng1 -->
  <testcase classname="testNgpack.ToVerifyAddToCartOptionaOnApplication" name="testng" time="0.0">
    <ignored/>
  </testcase> <!-- testng -->
  <testcase classname="testNgpack.ToVerifyAddToCartOptionaOnApplication" name="testng2" time="0.0">
    <ignored/>
  </testcase> <!-- testng2 -->
</testsuite> <!-- ChromeTest(failed)(failed)(failed) -->
