<?xml version="1.0" encoding="UTF-8"?>
<!-- Generated by org.testng.reporters.JUnitXMLReporter -->
<testsuite ignored="0" hostname="Atharva" failures="0" tests="3" name="Default test(failed)" time="0.108" errors="0" timestamp="2023-03-29T16:07:33 IST">
  <testcase classname="testNgpack.ToVerifyAddToCartOptionaOnApplication" name="@BeforeTest openBrowser" time="-1.680086253301E9">
    <failure type="org.testng.TestNGException" message="
Parameter &amp;apos;browser&amp;apos; is required by BeforeTest on method openBrowser but has not been marked @Optional or defined
in C:\Users\Avinash Kulkarni\eclipse-workspace\AmazonAutomation\test-output\testng-failed.xml">
      <![CDATA[org.testng.TestNGException: 
Parameter 'browser' is required by BeforeTest on method openBrowser but has not been marked @Optional or defined
in C:\Users\Avinash Kulkarni\eclipse-workspace\AmazonAutomation\test-output\testng-failed.xml
... Removed 21 stack frames]]>
    </failure>
  </testcase> <!-- @BeforeTest openBrowser -->
  <testcase classname="testNgpack.ToVerifyAddToCartOptionaOnApplication" name="@BeforeClass createPOMobject" time="-1.680086253343E9">
    <skipped/>
  </testcase> <!-- @BeforeClass createPOMobject -->
  <testcase classname="testNgpack.ToVerifyAddToCartOptionaOnApplication" name="@BeforeMethod gotoSearchbar" time="-1.680086253364E9">
    <skipped/>
  </testcase> <!-- @BeforeMethod gotoSearchbar -->
  <testcase classname="testNgpack.ToVerifyAddToCartOptionaOnApplication" name="@AfterMethod logOutFromApplication" time="-1.680086253375E9">
    <skipped/>
  </testcase> <!-- @AfterMethod logOutFromApplication -->
  <testcase classname="testNgpack.ToVerifyAddToCartOptionaOnApplication" name="@BeforeMethod gotoSearchbar" time="-1.680086253383E9">
    <skipped/>
  </testcase> <!-- @BeforeMethod gotoSearchbar -->
  <testcase classname="testNgpack.ToVerifyAddToCartOptionaOnApplication" name="@AfterMethod logOutFromApplication" time="-1.680086253391E9">
    <skipped/>
  </testcase> <!-- @AfterMethod logOutFromApplication -->
  <testcase classname="testNgpack.ToVerifyAddToCartOptionaOnApplication" name="@BeforeMethod gotoSearchbar" time="-1.680086253393E9">
    <skipped/>
  </testcase> <!-- @BeforeMethod gotoSearchbar -->
  <testcase classname="testNgpack.ToVerifyAddToCartOptionaOnApplication" name="@AfterMethod logOutFromApplication" time="-1.680086253398E9">
    <skipped/>
  </testcase> <!-- @AfterMethod logOutFromApplication -->
  <testcase classname="testNgpack.ToVerifyAddToCartOptionaOnApplication" name="@AfterClass clearObject" time="-1.6800862534E9">
    <skipped/>
  </testcase> <!-- @AfterClass clearObject -->
  <testcase classname="testNgpack.ToVerifyAddToCartOptionaOnApplication" name="@AfterTest closedBrowser" time="-1.680086253401E9">
    <skipped/>
  </testcase> <!-- @AfterTest closedBrowser -->
  <testcase classname="testNgpack.ToVerifyAddToCartOptionaOnApplication" name="testng" time="0.0">
    <skipped/>
  </testcase> <!-- testng -->
  <testcase classname="testNgpack.ToVerifyAddToCartOptionaOnApplication" name="testng2" time="0.0">
    <skipped/>
  </testcase> <!-- testng2 -->
  <testcase classname="testNgpack.ToVerifyAddToCartOptionaOnApplication" name="testng1" time="0.0">
    <skipped/>
  </testcase> <!-- testng1 -->
</testsuite> <!-- Default test(failed) -->
