<?xml version="1.0" encoding="UTF-8"?>
<!-- Generated by org.testng.reporters.JUnitXMLReporter -->
<testsuite ignored="0" hostname="Atharva" failures="0" tests="2" name="Default test" time="0.053" errors="0" timestamp="2023-09-03T20:05:10 IST">
  <testcase classname="Testng.ToClosetheSignOfPopup" name="@BeforeTest openBrowser" time="-1.693751710801E9">
    <failure type="org.testng.TestNGException" message="
Parameter &amp;apos;browser&amp;apos; is required by BeforeTest on method openBrowser but has not been marked @Optional or defined
in C:\Users\Avinash Kulkarni\AppData\Local\Temp\testng-eclipse--1290591233\testng-customsuite.xml">
      <![CDATA[org.testng.TestNGException: 
Parameter 'browser' is required by BeforeTest on method openBrowser but has not been marked @Optional or defined
in C:\Users\Avinash Kulkarni\AppData\Local\Temp\testng-eclipse--1290591233\testng-customsuite.xml
at org.testng.internal.Parameters.createParams(Parameters.java:270)
at org.testng.internal.Parameters.createParametersForMethod(Parameters.java:358)
at org.testng.internal.Parameters.createParameters(Parameters.java:700)
at org.testng.internal.Parameters.createConfigurationParameters(Parameters.java:168)
at org.testng.internal.ConfigInvoker.invokeConfigurations(ConfigInvoker.java:302)
at org.testng.TestRunner.invokeTestConfigurations(TestRunner.java:637)
at org.testng.TestRunner.beforeRun(TestRunner.java:627)
at org.testng.TestRunner.run(TestRunner.java:589)
at org.testng.SuiteRunner.runTest(SuiteRunner.java:377)
at org.testng.SuiteRunner.runSequentially(SuiteRunner.java:371)
at org.testng.SuiteRunner.privateRun(SuiteRunner.java:332)
at org.testng.SuiteRunner.run(SuiteRunner.java:276)
at org.testng.SuiteRunnerWorker.runSuite(SuiteRunnerWorker.java:53)
at org.testng.SuiteRunnerWorker.run(SuiteRunnerWorker.java:96)
at org.testng.TestNG.runSuitesSequentially(TestNG.java:1212)
at org.testng.TestNG.runSuitesLocally(TestNG.java:1134)
at org.testng.TestNG.runSuites(TestNG.java:1063)
at org.testng.TestNG.run(TestNG.java:1031)
at org.testng.remote.AbstractRemoteTestNG.run(AbstractRemoteTestNG.java:115)
at org.testng.remote.RemoteTestNG.initAndRun(RemoteTestNG.java:251)
at org.testng.remote.RemoteTestNG.main(RemoteTestNG.java:77)
]]>
    </failure>
  </testcase> <!-- @BeforeTest openBrowser -->
  <testcase classname="Testng.ToVerifytheAddtoCartoptiononAppplication" name="@BeforeTest openBrowser" time="-1.693751710811E9">
    <skipped/>
  </testcase> <!-- @BeforeTest openBrowser -->
  <testcase classname="Testng.ToClosetheSignOfPopup" name="@BeforeClass createPOMObject" time="-1.693751710826E9">
    <skipped/>
  </testcase> <!-- @BeforeClass createPOMObject -->
  <testcase classname="Testng.ToClosetheSignOfPopup" name="@BeforeMethod gotoSignUpPopUp" time="-1.693751710837E9">
    <skipped/>
  </testcase> <!-- @BeforeMethod gotoSignUpPopUp -->
  <testcase classname="Testng.ToClosetheSignOfPopup" name="@AfterMethod logOutFromApplication" time="-1.693751710843E9">
    <skipped/>
  </testcase> <!-- @AfterMethod logOutFromApplication -->
  <testcase classname="Testng.ToClosetheSignOfPopup" name="@AfterClass clearObjects" time="-1.693751710844E9">
    <skipped/>
  </testcase> <!-- @AfterClass clearObjects -->
  <testcase classname="Testng.ToVerifytheAddtoCartoptiononAppplication" name="@BeforeClass createPOMObject" time="-1.693751710846E9">
    <skipped/>
  </testcase> <!-- @BeforeClass createPOMObject -->
  <testcase classname="Testng.ToVerifytheAddtoCartoptiononAppplication" name="@BeforeMethod gotoSignUpPopUp" time="-1.693751710847E9">
    <skipped/>
  </testcase> <!-- @BeforeMethod gotoSignUpPopUp -->
  <testcase classname="Testng.ToVerifytheAddtoCartoptiononAppplication" name="@AfterMethod logOutFromApplication" time="-1.693751710849E9">
    <skipped/>
  </testcase> <!-- @AfterMethod logOutFromApplication -->
  <testcase classname="Testng.ToVerifytheAddtoCartoptiononAppplication" name="@AfterClass clearObjects" time="-1.69375171085E9">
    <skipped/>
  </testcase> <!-- @AfterClass clearObjects -->
  <testcase classname="Testng.ToClosetheSignOfPopup" name="@AfterTest closedBrowser" time="-1.693751710851E9">
    <skipped/>
  </testcase> <!-- @AfterTest closedBrowser -->
  <testcase classname="Testng.ToVerifytheAddtoCartoptiononAppplication" name="@AfterTest closedBrowser" time="-1.693751710851E9">
    <skipped/>
  </testcase> <!-- @AfterTest closedBrowser -->
  <testcase classname="Testng.ToClosetheSignOfPopup" name="test" time="0.0">
    <skipped/>
  </testcase> <!-- test -->
  <testcase classname="Testng.ToVerifytheAddtoCartoptiononAppplication" name="test" time="0.0">
    <skipped/>
  </testcase> <!-- test -->
</testsuite> <!-- Default test -->
