<?xml version="1.0" encoding="UTF-8"?>
<!-- Generated by org.testng.reporters.JUnitXMLReporter -->
<testsuite ignored="2" hostname="Atharva" failures="0" tests="1" name="Default test" time="0.038" errors="0" timestamp="2023-04-13T19:45:42 IST">
  <testcase classname="testNgpack.VerifyUserSignUpPopUp" name="@BeforeTest openBrowser" time="-1.681395342293E9">
    <failure type="org.testng.TestNGException" message="
Parameter &amp;apos;browser&amp;apos; is required by BeforeTest on method openBrowser but has not been marked @Optional or defined
in C:\Users\Avinash Kulkarni\AppData\Local\Temp\testng-eclipse-344873854\testng-customsuite.xml">
      <![CDATA[org.testng.TestNGException: 
Parameter 'browser' is required by BeforeTest on method openBrowser but has not been marked @Optional or defined
in C:\Users\Avinash Kulkarni\AppData\Local\Temp\testng-eclipse-344873854\testng-customsuite.xml
at org.testng.internal.Parameters.createParams(Parameters.java:270)
at org.testng.internal.Parameters.createParametersForMethod(Parameters.java:358)
at org.testng.internal.Parameters.createParameters(Parameters.java:700)
at org.testng.internal.Parameters.createConfigurationParameters(Parameters.java:168)
at org.testng.internal.ConfigInvoker.invokeConfigurations(ConfigInvoker.java:302)
at org.testng.TestRunner.invokeTestConfigurations(TestRunner.java:637)
at org.testng.TestRunner.beforeRun(TestRunner.java:627)
at org.testng.TestRunner.run(TestRunner.java:589)
at org.testng.SuiteRunner.runTest(SuiteRunner.java:377)
at org.testng.SuiteRunner.runSequentially(SuiteRunner.java:371)
at org.testng.SuiteRunner.privateRun(SuiteRunner.java:332)
at org.testng.SuiteRunner.run(SuiteRunner.java:276)
at org.testng.SuiteRunnerWorker.runSuite(SuiteRunnerWorker.java:53)
at org.testng.SuiteRunnerWorker.run(SuiteRunnerWorker.java:96)
at org.testng.TestNG.runSuitesSequentially(TestNG.java:1212)
at org.testng.TestNG.runSuitesLocally(TestNG.java:1134)
at org.testng.TestNG.runSuites(TestNG.java:1063)
at org.testng.TestNG.run(TestNG.java:1031)
at org.testng.remote.AbstractRemoteTestNG.run(AbstractRemoteTestNG.java:115)
at org.testng.remote.RemoteTestNG.initAndRun(RemoteTestNG.java:251)
at org.testng.remote.RemoteTestNG.main(RemoteTestNG.java:77)
]]>
    </failure>
  </testcase> <!-- @BeforeTest openBrowser -->
  <testcase classname="testNgpack.VerifyUserSignUpPopUp" name="@BeforeClass createPOMobject" time="-1.68139534231E9">
    <skipped/>
  </testcase> <!-- @BeforeClass createPOMobject -->
  <testcase classname="testNgpack.VerifyUserSignUpPopUp" name="@BeforeMethod gotoSignUpPopUp" time="-1.681395342319E9">
    <skipped/>
  </testcase> <!-- @BeforeMethod gotoSignUpPopUp -->
  <testcase classname="testNgpack.VerifyUserSignUpPopUp" name="@AfterMethod logOutFromApplication" time="-1.681395342323E9">
    <skipped/>
  </testcase> <!-- @AfterMethod logOutFromApplication -->
  <testcase classname="testNgpack.VerifyUserSignUpPopUp" name="@AfterClass clearObject" time="-1.681395342325E9">
    <skipped/>
  </testcase> <!-- @AfterClass clearObject -->
  <testcase classname="testNgpack.VerifyUserSignUpPopUp" name="@AfterTest closedBrowser" time="-1.681395342327E9">
    <skipped/>
  </testcase> <!-- @AfterTest closedBrowser -->
  <testcase classname="testNgpack.VerifyUserSignUpPopUp" name="test" time="0.0">
    <skipped/>
  </testcase> <!-- test -->
  <testcase classname="testNgpack.VerifyUserSignUpPopUp" name="test123" time="0.0">
    <ignored/>
  </testcase> <!-- test123 -->
  <testcase classname="testNgpack.VerifyUserSignUpPopUp" name="test1234" time="0.0">
    <ignored/>
  </testcase> <!-- test1234 -->
</testsuite> <!-- Default test -->
