<?xml version="1.0" encoding="UTF-8"?>
<!-- Generated by org.testng.reporters.JUnitXMLReporter -->
<testsuite ignored="2" hostname="Atharva" failures="1" tests="1" name="ChromeTest(failed)(failed)" time="78.749" errors="0" timestamp="2023-03-29T14:43:31 IST">
  <testcase classname="testNgpack.ToVerifyAddToCartOptionaOnApplication" name="testng1" time="60.858">
    <failure type="java.lang.AssertionError" message="expected [Amazon.in Shopping Cart] but found [Amazon Sign In]">
      <![CDATA[java.lang.AssertionError: expected [Amazon.in Shopping Cart] but found [Amazon Sign In]
at testNgpack.ToVerifyAddToCartOptionaOnApplication.testng1(ToVerifyAddToCartOptionaOnApplication.java:116)
at java.base/java.util.concurrent.ThreadPoolExecutor.runWorker(ThreadPoolExecutor.java:1136)
at java.base/java.util.concurrent.ThreadPoolExecutor$Worker.run(ThreadPoolExecutor.java:635)
at java.base/java.lang.Thread.run(Thread.java:833)
... Removed 18 stack frames]]>
    </failure>
  </testcase> <!-- testng1 -->
  <testcase classname="testNgpack.ToVerifyAddToCartOptionaOnApplication" name="testng" time="0.0">
    <ignored/>
  </testcase> <!-- testng -->
  <testcase classname="testNgpack.ToVerifyAddToCartOptionaOnApplication" name="testng2" time="0.0">
    <ignored/>
  </testcase> <!-- testng2 -->
</testsuite> <!-- ChromeTest(failed)(failed) -->
