<?xml version="1.0" encoding="UTF-8"?>
<!-- Generated by org.testng.reporters.JUnitXMLReporter -->
<testsuite ignored="2" hostname="Atharva" failures="1" tests="1" name="ChromeTest" time="7.732" errors="0" timestamp="2023-09-03T23:55:14 IST">
  <testcase classname="testNgpack.VerifyUserSignUpPopUp" name="test" time="0.034">
    <failure type="java.lang.AssertionError" message="expected [] but found [Enter the email address or mobile phone number associated with your Amazon account.]">
      <![CDATA[java.lang.AssertionError: expected [] but found [Enter the email address or mobile phone number associated with your Amazon account.]
at testNgpack.VerifyUserSignUpPopUp.test(VerifyUserSignUpPopUp.java:107)
at java.base/java.util.concurrent.ThreadPoolExecutor.runWorker(ThreadPoolExecutor.java:1136)
at java.base/java.util.concurrent.ThreadPoolExecutor$Worker.run(ThreadPoolExecutor.java:635)
at java.base/java.lang.Thread.run(Thread.java:833)
... Removed 18 stack frames]]>
    </failure>
  </testcase> <!-- test -->
  <testcase classname="testNgpack.VerifyUserSignUpPopUp" name="test123" time="0.0">
    <ignored/>
  </testcase> <!-- test123 -->
  <testcase classname="testNgpack.VerifyUserSignUpPopUp" name="test1234" time="0.0">
    <ignored/>
  </testcase> <!-- test1234 -->
</testsuite> <!-- ChromeTest -->
