<?xml version="1.0" encoding="UTF-8"?>
<!-- Generated by org.testng.reporters.JUnitXMLReporter -->
<testsuite ignored="3" hostname="Atharva" failures="0" tests="7" name="Test" time="0.056" errors="0" timestamp="2023-03-29T13:35:42 IST">
  <testcase classname="testNgpack.ToVerifyAddToCartOptionaOnApplication" name="@BeforeTest openBrowser" time="-1.680077142917E9">
    <failure type="org.testng.TestNGException" message="
Parameter &amp;apos;browser&amp;apos; is required by BeforeTest on method openBrowser but has not been marked @Optional or defined
in C:\Users\Avinash Kulkarni\eclipse-workspace\AmazonAutomation\testng.xml">
      <![CDATA[org.testng.TestNGException: 
Parameter 'browser' is required by BeforeTest on method openBrowser but has not been marked @Optional or defined
in C:\Users\Avinash Kulkarni\eclipse-workspace\AmazonAutomation\testng.xml
... Removed 21 stack frames]]>
    </failure>
  </testcase> <!-- @BeforeTest openBrowser -->
  <testcase classname="testNgpack.ToVerifySerchBaroption" name="@BeforeTest openBrowser" time="-1.680077142924E9">
    <skipped/>
  </testcase> <!-- @BeforeTest openBrowser -->
  <testcase classname="testNgpack.ToVerifytheproductDetails" name="@BeforeTest openBrowser" time="-1.680077142926E9">
    <skipped/>
  </testcase> <!-- @BeforeTest openBrowser -->
  <testcase classname="testNgpack.VerifyUserSignUpPopUp" name="@BeforeTest openBrowser" time="-1.680077142926E9">
    <skipped/>
  </testcase> <!-- @BeforeTest openBrowser -->
  <testcase classname="testNgpack.VerifyUserSignUpPopUp" name="@BeforeClass createPOMobject" time="-1.680077142937E9">
    <skipped/>
  </testcase> <!-- @BeforeClass createPOMobject -->
  <testcase classname="testNgpack.VerifyUserSignUpPopUp" name="@BeforeMethod gotoSignUpPopUp" time="-1.680077142945E9">
    <skipped/>
  </testcase> <!-- @BeforeMethod gotoSignUpPopUp -->
  <testcase classname="testNgpack.VerifyUserSignUpPopUp" name="@AfterMethod logOutFromApplication" time="-1.680077142948E9">
    <skipped/>
  </testcase> <!-- @AfterMethod logOutFromApplication -->
  <testcase classname="testNgpack.VerifyUserSignUpPopUp" name="@AfterClass clearObject" time="-1.680077142949E9">
    <skipped/>
  </testcase> <!-- @AfterClass clearObject -->
  <testcase classname="testNgpack.ToVerifytheproductDetails" name="@BeforeClass createPOMobject" time="-1.680077142952E9">
    <skipped/>
  </testcase> <!-- @BeforeClass createPOMobject -->
  <testcase classname="testNgpack.ToVerifytheproductDetails" name="@BeforeMethod gotoSearchbar" time="-1.680077142953E9">
    <skipped/>
  </testcase> <!-- @BeforeMethod gotoSearchbar -->
  <testcase classname="testNgpack.ToVerifytheproductDetails" name="@AfterMethod logOutFromApplication" time="-1.680077142955E9">
    <skipped/>
  </testcase> <!-- @AfterMethod logOutFromApplication -->
  <testcase classname="testNgpack.ToVerifytheproductDetails" name="@AfterClass clearobject" time="-1.680077142955E9">
    <skipped/>
  </testcase> <!-- @AfterClass clearobject -->
  <testcase classname="testNgpack.ToVerifyAddToCartOptionaOnApplication" name="@BeforeClass createPOMobject" time="-1.680077142955E9">
    <skipped/>
  </testcase> <!-- @BeforeClass createPOMobject -->
  <testcase classname="testNgpack.ToVerifyAddToCartOptionaOnApplication" name="@BeforeMethod gotoSearchbar" time="-1.680077142956E9">
    <skipped/>
  </testcase> <!-- @BeforeMethod gotoSearchbar -->
  <testcase classname="testNgpack.ToVerifyAddToCartOptionaOnApplication" name="@AfterMethod logOutFromApplication" time="-1.680077142958E9">
    <skipped/>
  </testcase> <!-- @AfterMethod logOutFromApplication -->
  <testcase classname="testNgpack.ToVerifyAddToCartOptionaOnApplication" name="@BeforeMethod gotoSearchbar" time="-1.680077142958E9">
    <skipped/>
  </testcase> <!-- @BeforeMethod gotoSearchbar -->
  <testcase classname="testNgpack.ToVerifyAddToCartOptionaOnApplication" name="@AfterMethod logOutFromApplication" time="-1.68007714296E9">
    <skipped/>
  </testcase> <!-- @AfterMethod logOutFromApplication -->
  <testcase classname="testNgpack.ToVerifyAddToCartOptionaOnApplication" name="@AfterClass clearObject" time="-1.680077142961E9">
    <skipped/>
  </testcase> <!-- @AfterClass clearObject -->
  <testcase classname="testNgpack.ToVerifySerchBaroption" name="@BeforeClass createPOMobject" time="-1.680077142961E9">
    <skipped/>
  </testcase> <!-- @BeforeClass createPOMobject -->
  <testcase classname="testNgpack.ToVerifySerchBaroption" name="@BeforeMethod gotoSearchbar" time="-1.680077142962E9">
    <skipped/>
  </testcase> <!-- @BeforeMethod gotoSearchbar -->
  <testcase classname="testNgpack.ToVerifySerchBaroption" name="@AfterMethod logOutFromApplication" time="-1.680077142963E9">
    <skipped/>
  </testcase> <!-- @AfterMethod logOutFromApplication -->
  <testcase classname="testNgpack.ToVerifySerchBaroption" name="@BeforeMethod gotoSearchbar" time="-1.680077142964E9">
    <skipped/>
  </testcase> <!-- @BeforeMethod gotoSearchbar -->
  <testcase classname="testNgpack.ToVerifySerchBaroption" name="@AfterMethod logOutFromApplication" time="-1.680077142965E9">
    <skipped/>
  </testcase> <!-- @AfterMethod logOutFromApplication -->
  <testcase classname="testNgpack.ToVerifySerchBaroption" name="@AfterClass clearobject" time="-1.680077142968E9">
    <skipped/>
  </testcase> <!-- @AfterClass clearobject -->
  <testcase classname="testNgpack.ToVerifyAddToCartOptionaOnApplication" name="@AfterTest closedBrowser" time="-1.680077142969E9">
    <skipped/>
  </testcase> <!-- @AfterTest closedBrowser -->
  <testcase classname="testNgpack.ToVerifySerchBaroption" name="@AfterTest closedBrowser" time="-1.680077142969E9">
    <skipped/>
  </testcase> <!-- @AfterTest closedBrowser -->
  <testcase classname="testNgpack.ToVerifytheproductDetails" name="@AfterTest closedBrowser" time="-1.680077142969E9">
    <skipped/>
  </testcase> <!-- @AfterTest closedBrowser -->
  <testcase classname="testNgpack.VerifyUserSignUpPopUp" name="@AfterTest closedBrowser" time="-1.68007714297E9">
    <skipped/>
  </testcase> <!-- @AfterTest closedBrowser -->
  <testcase classname="testNgpack.VerifyUserSignUpPopUp" name="test" time="0.0">
    <skipped/>
  </testcase> <!-- test -->
  <testcase classname="testNgpack.ToVerifytheproductDetails" name="testClass" time="0.0">
    <skipped/>
  </testcase> <!-- testClass -->
  <testcase classname="testNgpack.ToVerifyAddToCartOptionaOnApplication" name="testng" time="0.0">
    <skipped/>
  </testcase> <!-- testng -->
  <testcase classname="testNgpack.ToVerifyAddToCartOptionaOnApplication" name="testng1" time="0.0">
    <skipped/>
  </testcase> <!-- testng1 -->
  <testcase classname="testNgpack.ToVerifySerchBaroption" name="testng" time="0.0">
    <skipped/>
  </testcase> <!-- testng -->
  <testcase classname="testNgpack.ToVerifySerchBaroption" name="testng1" time="0.0">
    <skipped/>
  </testcase> <!-- testng1 -->
  <testcase classname="testNgpack.ToVerifySerchBaroption" name="testng2" time="0.0">
    <skipped/>
  </testcase> <!-- testng2 -->
  <testcase classname="testNgpack.ToVerifyAddToCartOptionaOnApplication" name="testng2" time="0.0">
    <ignored/>
  </testcase> <!-- testng2 -->
  <testcase classname="testNgpack.VerifyUserSignUpPopUp" name="test123" time="0.0">
    <ignored/>
  </testcase> <!-- test123 -->
  <testcase classname="testNgpack.VerifyUserSignUpPopUp" name="test1234" time="0.0">
    <ignored/>
  </testcase> <!-- test1234 -->
</testsuite> <!-- Test -->
