<html>
<head>
<title>TestNG:  Test</title>
<link href="../testng.css" rel="stylesheet" type="text/css" />
<link href="../my-testng.css" rel="stylesheet" type="text/css" />

<style type="text/css">
.log { display: none;} 
.stack-trace { display: none;} 
</style>
<script type="text/javascript">
<!--
function flip(e) {
  current = e.style.display;
  if (current == 'block') {
    e.style.display = 'none';
    return 0;
  }
  else {
    e.style.display = 'block';
    return 1;
  }
}

function toggleBox(szDivId, elem, msg1, msg2)
{
  var res = -1;  if (document.getElementById) {
    res = flip(document.getElementById(szDivId));
  }
  else if (document.all) {
    // this is the way old msie versions work
    res = flip(document.all[szDivId]);
  }
  if(elem) {
    if(res == 0) elem.innerHTML = msg1; else elem.innerHTML = msg2;
  }

}

function toggleAllBoxes() {
  if (document.getElementsByTagName) {
    d = document.getElementsByTagName('div');
    for (i = 0; i < d.length; i++) {
      if (d[i].className == 'log') {
        flip(d[i]);
      }
    }
  }
}

// -->
</script>

</head>
<body>
<h2 align='center'>Test</h2><table border='1' align="center">
<tr>
<td>Tests passed/Failed/Skipped:</td><td>0/0/7</td>
</tr><tr>
<td>Started on:</td><td>Wed Mar 29 13:35:42 IST 2023</td>
</tr>
<tr><td>Total time:</td><td>0 seconds (56 ms)</td>
</tr><tr>
<td>Included groups:</td><td></td>
</tr><tr>
<td>Excluded groups:</td><td></td>
</tr>
</table><p/>
<small><i>(Hover the method name to see the test class name)</i></small><p/>
<table width='100%' border='1' class='invocation-failed'>
<tr><td colspan='4' align='center'><b>FAILED CONFIGURATIONS</b></td></tr>
<tr><td><b>Test method</b></td>
<td width="30%"><b>Exception</b></td>
<td width="10%"><b>Time (seconds)</b></td>
<td><b>Instance</b></td>
</tr>
<tr>
<td title='testNgpack.ToVerifyAddToCartOptionaOnApplication.openBrowser()'><b>openBrowser</b><br>Test class: testNgpack.ToVerifyAddToCartOptionaOnApplication</td>
<td><div><pre>org.testng.TestNGException: 
Parameter &apos;browser&apos; is required by BeforeTest on method openBrowser but has not been marked @Optional or defined
in C:\Users\Avinash Kulkarni\eclipse-workspace\AmazonAutomation\testng.xml
... Removed 21 stack frames</pre></div><a href='#' onClick='toggleBox("stack-trace2005169944", this, "Click to show all stack frames", "Click to hide stack frames")'>Click to show all stack frames</a>
<div class='stack-trace' id='stack-trace2005169944'><pre>org.testng.TestNGException: 
Parameter &apos;browser&apos; is required by BeforeTest on method openBrowser but has not been marked @Optional or defined
in C:\Users\Avinash Kulkarni\eclipse-workspace\AmazonAutomation\testng.xml
	at org.testng.internal.Parameters.createParams(Parameters.java:270)
	at org.testng.internal.Parameters.createParametersForMethod(Parameters.java:358)
	at org.testng.internal.Parameters.createParameters(Parameters.java:700)
	at org.testng.internal.Parameters.createConfigurationParameters(Parameters.java:168)
	at org.testng.internal.ConfigInvoker.invokeConfigurations(ConfigInvoker.java:302)
	at org.testng.TestRunner.invokeTestConfigurations(TestRunner.java:637)
	at org.testng.TestRunner.beforeRun(TestRunner.java:627)
	at org.testng.TestRunner.run(TestRunner.java:589)
	at org.testng.SuiteRunner.runTest(SuiteRunner.java:377)
	at org.testng.SuiteRunner.runSequentially(SuiteRunner.java:371)
	at org.testng.SuiteRunner.privateRun(SuiteRunner.java:332)
	at org.testng.SuiteRunner.run(SuiteRunner.java:276)
	at org.testng.SuiteRunnerWorker.runSuite(SuiteRunnerWorker.java:53)
	at org.testng.SuiteRunnerWorker.run(SuiteRunnerWorker.java:96)
	at org.testng.TestNG.runSuitesSequentially(TestNG.java:1212)
	at org.testng.TestNG.runSuitesLocally(TestNG.java:1134)
	at org.testng.TestNG.runSuites(TestNG.java:1063)
	at org.testng.TestNG.run(TestNG.java:1031)
	at org.testng.remote.AbstractRemoteTestNG.run(AbstractRemoteTestNG.java:115)
	at org.testng.remote.RemoteTestNG.initAndRun(RemoteTestNG.java:251)
	at org.testng.remote.RemoteTestNG.main(RemoteTestNG.java:77)
</pre></div></td>
<td>-1680077142</td>
<td>testNgpack.ToVerifyAddToCartOptionaOnApplication@1700915</td></tr>
</table><p>
<table width='100%' border='1' class='invocation-skipped'>
<tr><td colspan='4' align='center'><b>SKIPPED CONFIGURATIONS</b></td></tr>
<tr><td><b>Test method</b></td>
<td width="30%"><b>Exception</b></td>
<td width="10%"><b>Time (seconds)</b></td>
<td><b>Instance</b></td>
</tr>
<tr>
<td title='testNgpack.ToVerifytheproductDetails.clearobject()'><b>clearobject</b><br>Test class: testNgpack.ToVerifytheproductDetails</td>
<td></td>
<td>-1680077142</td>
<td>testNgpack.ToVerifytheproductDetails@48ae9b55</td></tr>
<tr>
<td title='testNgpack.ToVerifyAddToCartOptionaOnApplication.clearObject()'><b>clearObject</b><br>Test class: testNgpack.ToVerifyAddToCartOptionaOnApplication</td>
<td></td>
<td>-1680077142</td>
<td>testNgpack.ToVerifyAddToCartOptionaOnApplication@1700915</td></tr>
<tr>
<td title='testNgpack.ToVerifyAddToCartOptionaOnApplication.closedBrowser()'><b>closedBrowser</b><br>Test class: testNgpack.ToVerifyAddToCartOptionaOnApplication</td>
<td></td>
<td>-1680077142</td>
<td>testNgpack.ToVerifyAddToCartOptionaOnApplication@1700915</td></tr>
<tr>
<td title='testNgpack.ToVerifySerchBaroption.gotoSearchbar()'><b>gotoSearchbar</b><br>Test class: testNgpack.ToVerifySerchBaroption</td>
<td></td>
<td>-1680077142</td>
<td>testNgpack.ToVerifySerchBaroption@635eaaf1</td></tr>
<tr>
<td title='testNgpack.ToVerifytheproductDetails.gotoSearchbar()'><b>gotoSearchbar</b><br>Test class: testNgpack.ToVerifytheproductDetails</td>
<td></td>
<td>-1680077142</td>
<td>testNgpack.ToVerifytheproductDetails@48ae9b55</td></tr>
<tr>
<td title='testNgpack.ToVerifytheproductDetails.closedBrowser()'><b>closedBrowser</b><br>Test class: testNgpack.ToVerifytheproductDetails</td>
<td></td>
<td>-1680077142</td>
<td>testNgpack.ToVerifytheproductDetails@48ae9b55</td></tr>
<tr>
<td title='testNgpack.ToVerifytheproductDetails.createPOMobject()'><b>createPOMobject</b><br>Test class: testNgpack.ToVerifytheproductDetails</td>
<td></td>
<td>-1680077142</td>
<td>testNgpack.ToVerifytheproductDetails@48ae9b55</td></tr>
<tr>
<td title='testNgpack.ToVerifySerchBaroption.gotoSearchbar()'><b>gotoSearchbar</b><br>Test class: testNgpack.ToVerifySerchBaroption</td>
<td></td>
<td>-1680077142</td>
<td>testNgpack.ToVerifySerchBaroption@635eaaf1</td></tr>
<tr>
<td title='testNgpack.ToVerifySerchBaroption.logOutFromApplication()'><b>logOutFromApplication</b><br>Test class: testNgpack.ToVerifySerchBaroption</td>
<td></td>
<td>-1680077142</td>
<td>testNgpack.ToVerifySerchBaroption@635eaaf1</td></tr>
<tr>
<td title='testNgpack.VerifyUserSignUpPopUp.createPOMobject()'><b>createPOMobject</b><br>Test class: testNgpack.VerifyUserSignUpPopUp</td>
<td></td>
<td>-1680077142</td>
<td>testNgpack.VerifyUserSignUpPopUp@64cd705f</td></tr>
<tr>
<td title='testNgpack.VerifyUserSignUpPopUp.closedBrowser()'><b>closedBrowser</b><br>Test class: testNgpack.VerifyUserSignUpPopUp</td>
<td></td>
<td>-1680077142</td>
<td>testNgpack.VerifyUserSignUpPopUp@64cd705f</td></tr>
<tr>
<td title='testNgpack.ToVerifySerchBaroption.logOutFromApplication()'><b>logOutFromApplication</b><br>Test class: testNgpack.ToVerifySerchBaroption</td>
<td></td>
<td>-1680077142</td>
<td>testNgpack.ToVerifySerchBaroption@635eaaf1</td></tr>
<tr>
<td title='testNgpack.ToVerifyAddToCartOptionaOnApplication.createPOMobject()'><b>createPOMobject</b><br>Test class: testNgpack.ToVerifyAddToCartOptionaOnApplication</td>
<td></td>
<td>-1680077142</td>
<td>testNgpack.ToVerifyAddToCartOptionaOnApplication@1700915</td></tr>
<tr>
<td title='testNgpack.ToVerifyAddToCartOptionaOnApplication.logOutFromApplication()'><b>logOutFromApplication</b><br>Test class: testNgpack.ToVerifyAddToCartOptionaOnApplication</td>
<td></td>
<td>-1680077142</td>
<td>testNgpack.ToVerifyAddToCartOptionaOnApplication@1700915</td></tr>
<tr>
<td title='testNgpack.ToVerifyAddToCartOptionaOnApplication.gotoSearchbar()'><b>gotoSearchbar</b><br>Test class: testNgpack.ToVerifyAddToCartOptionaOnApplication</td>
<td></td>
<td>-1680077142</td>
<td>testNgpack.ToVerifyAddToCartOptionaOnApplication@1700915</td></tr>
<tr>
<td title='testNgpack.ToVerifyAddToCartOptionaOnApplication.gotoSearchbar()'><b>gotoSearchbar</b><br>Test class: testNgpack.ToVerifyAddToCartOptionaOnApplication</td>
<td></td>
<td>-1680077142</td>
<td>testNgpack.ToVerifyAddToCartOptionaOnApplication@1700915</td></tr>
<tr>
<td title='testNgpack.ToVerifySerchBaroption.clearobject()'><b>clearobject</b><br>Test class: testNgpack.ToVerifySerchBaroption</td>
<td></td>
<td>-1680077142</td>
<td>testNgpack.ToVerifySerchBaroption@635eaaf1</td></tr>
<tr>
<td title='testNgpack.VerifyUserSignUpPopUp.clearObject()'><b>clearObject</b><br>Test class: testNgpack.VerifyUserSignUpPopUp</td>
<td></td>
<td>-1680077142</td>
<td>testNgpack.VerifyUserSignUpPopUp@64cd705f</td></tr>
<tr>
<td title='testNgpack.ToVerifySerchBaroption.closedBrowser()'><b>closedBrowser</b><br>Test class: testNgpack.ToVerifySerchBaroption</td>
<td></td>
<td>-1680077142</td>
<td>testNgpack.ToVerifySerchBaroption@635eaaf1</td></tr>
<tr>
<td title='testNgpack.ToVerifytheproductDetails.openBrowser()'><b>openBrowser</b><br>Test class: testNgpack.ToVerifytheproductDetails</td>
<td></td>
<td>-1680077142</td>
<td>testNgpack.ToVerifytheproductDetails@48ae9b55</td></tr>
<tr>
<td title='testNgpack.ToVerifytheproductDetails.logOutFromApplication()'><b>logOutFromApplication</b><br>Test class: testNgpack.ToVerifytheproductDetails</td>
<td></td>
<td>-1680077142</td>
<td>testNgpack.ToVerifytheproductDetails@48ae9b55</td></tr>
<tr>
<td title='testNgpack.VerifyUserSignUpPopUp.gotoSignUpPopUp()'><b>gotoSignUpPopUp</b><br>Test class: testNgpack.VerifyUserSignUpPopUp</td>
<td></td>
<td>-1680077142</td>
<td>testNgpack.VerifyUserSignUpPopUp@64cd705f</td></tr>
<tr>
<td title='testNgpack.VerifyUserSignUpPopUp.openBrowser()'><b>openBrowser</b><br>Test class: testNgpack.VerifyUserSignUpPopUp</td>
<td></td>
<td>-1680077142</td>
<td>testNgpack.VerifyUserSignUpPopUp@64cd705f</td></tr>
<tr>
<td title='testNgpack.ToVerifySerchBaroption.openBrowser()'><b>openBrowser</b><br>Test class: testNgpack.ToVerifySerchBaroption</td>
<td></td>
<td>-1680077142</td>
<td>testNgpack.ToVerifySerchBaroption@635eaaf1</td></tr>
<tr>
<td title='testNgpack.ToVerifyAddToCartOptionaOnApplication.logOutFromApplication()'><b>logOutFromApplication</b><br>Test class: testNgpack.ToVerifyAddToCartOptionaOnApplication</td>
<td></td>
<td>-1680077142</td>
<td>testNgpack.ToVerifyAddToCartOptionaOnApplication@1700915</td></tr>
<tr>
<td title='testNgpack.ToVerifySerchBaroption.createPOMobject()'><b>createPOMobject</b><br>Test class: testNgpack.ToVerifySerchBaroption</td>
<td></td>
<td>-1680077142</td>
<td>testNgpack.ToVerifySerchBaroption@635eaaf1</td></tr>
<tr>
<td title='testNgpack.VerifyUserSignUpPopUp.logOutFromApplication()'><b>logOutFromApplication</b><br>Test class: testNgpack.VerifyUserSignUpPopUp</td>
<td></td>
<td>-1680077142</td>
<td>testNgpack.VerifyUserSignUpPopUp@64cd705f</td></tr>
</table><p>
<table width='100%' border='1' class='invocation-skipped'>
<tr><td colspan='4' align='center'><b>SKIPPED TESTS</b></td></tr>
<tr><td><b>Test method</b></td>
<td width="30%"><b>Exception</b></td>
<td width="10%"><b>Time (seconds)</b></td>
<td><b>Instance</b></td>
</tr>
<tr>
<td title='testNgpack.ToVerifySerchBaroption.testng()'><b>testng</b><br>Test class: testNgpack.ToVerifySerchBaroption</td>
<td><div><pre>org.testng.TestNGException: 
Parameter &apos;browser&apos; is required by BeforeTest on method openBrowser but has not been marked @Optional or defined
in C:\Users\Avinash Kulkarni\eclipse-workspace\AmazonAutomation\testng.xml
... Removed 21 stack frames</pre></div><a href='#' onClick='toggleBox("stack-trace1006094903", this, "Click to show all stack frames", "Click to hide stack frames")'>Click to show all stack frames</a>
<div class='stack-trace' id='stack-trace1006094903'><pre>org.testng.TestNGException: 
Parameter &apos;browser&apos; is required by BeforeTest on method openBrowser but has not been marked @Optional or defined
in C:\Users\Avinash Kulkarni\eclipse-workspace\AmazonAutomation\testng.xml
	at org.testng.internal.Parameters.createParams(Parameters.java:270)
	at org.testng.internal.Parameters.createParametersForMethod(Parameters.java:358)
	at org.testng.internal.Parameters.createParameters(Parameters.java:700)
	at org.testng.internal.Parameters.createConfigurationParameters(Parameters.java:168)
	at org.testng.internal.ConfigInvoker.invokeConfigurations(ConfigInvoker.java:302)
	at org.testng.TestRunner.invokeTestConfigurations(TestRunner.java:637)
	at org.testng.TestRunner.beforeRun(TestRunner.java:627)
	at org.testng.TestRunner.run(TestRunner.java:589)
	at org.testng.SuiteRunner.runTest(SuiteRunner.java:377)
	at org.testng.SuiteRunner.runSequentially(SuiteRunner.java:371)
	at org.testng.SuiteRunner.privateRun(SuiteRunner.java:332)
	at org.testng.SuiteRunner.run(SuiteRunner.java:276)
	at org.testng.SuiteRunnerWorker.runSuite(SuiteRunnerWorker.java:53)
	at org.testng.SuiteRunnerWorker.run(SuiteRunnerWorker.java:96)
	at org.testng.TestNG.runSuitesSequentially(TestNG.java:1212)
	at org.testng.TestNG.runSuitesLocally(TestNG.java:1134)
	at org.testng.TestNG.runSuites(TestNG.java:1063)
	at org.testng.TestNG.run(TestNG.java:1031)
	at org.testng.remote.AbstractRemoteTestNG.run(AbstractRemoteTestNG.java:115)
	at org.testng.remote.RemoteTestNG.initAndRun(RemoteTestNG.java:251)
	at org.testng.remote.RemoteTestNG.main(RemoteTestNG.java:77)
</pre></div></td>
<td>0</td>
<td>testNgpack.ToVerifySerchBaroption@635eaaf1</td></tr>
<tr>
<td title='testNgpack.ToVerifySerchBaroption.testng2()'><b>testng2</b><br>Test class: testNgpack.ToVerifySerchBaroption</td>
<td><div><pre>java.lang.Throwable: Method ToVerifySerchBaroption.testng2()[pri:0, instance:testNgpack.ToVerifySerchBaroption@635eaaf1] depends on not successfully finished methods
	at java.base/java.util.ArrayList.forEach(ArrayList.java:1511)
... Removed 18 stack frames</pre></div><a href='#' onClick='toggleBox("stack-trace1073763441", this, "Click to show all stack frames", "Click to hide stack frames")'>Click to show all stack frames</a>
<div class='stack-trace' id='stack-trace1073763441'><pre>java.lang.Throwable: Method ToVerifySerchBaroption.testng2()[pri:0, instance:testNgpack.ToVerifySerchBaroption@635eaaf1] depends on not successfully finished methods
	at org.testng.internal.TestInvoker.invokeTestMethods(TestInvoker.java:102)
	at org.testng.internal.TestMethodWorker.invokeTestMethods(TestMethodWorker.java:146)
	at org.testng.internal.TestMethodWorker.run(TestMethodWorker.java:128)
	at java.base/java.util.ArrayList.forEach(ArrayList.java:1511)
	at org.testng.TestRunner.privateRun(TestRunner.java:794)
	at org.testng.TestRunner.run(TestRunner.java:596)
	at org.testng.SuiteRunner.runTest(SuiteRunner.java:377)
	at org.testng.SuiteRunner.runSequentially(SuiteRunner.java:371)
	at org.testng.SuiteRunner.privateRun(SuiteRunner.java:332)
	at org.testng.SuiteRunner.run(SuiteRunner.java:276)
	at org.testng.SuiteRunnerWorker.runSuite(SuiteRunnerWorker.java:53)
	at org.testng.SuiteRunnerWorker.run(SuiteRunnerWorker.java:96)
	at org.testng.TestNG.runSuitesSequentially(TestNG.java:1212)
	at org.testng.TestNG.runSuitesLocally(TestNG.java:1134)
	at org.testng.TestNG.runSuites(TestNG.java:1063)
	at org.testng.TestNG.run(TestNG.java:1031)
	at org.testng.remote.AbstractRemoteTestNG.run(AbstractRemoteTestNG.java:115)
	at org.testng.remote.RemoteTestNG.initAndRun(RemoteTestNG.java:251)
	at org.testng.remote.RemoteTestNG.main(RemoteTestNG.java:77)
</pre></div></td>
<td>0</td>
<td>testNgpack.ToVerifySerchBaroption@635eaaf1</td></tr>
<tr>
<td title='testNgpack.VerifyUserSignUpPopUp.test()'><b>test</b><br>Test class: testNgpack.VerifyUserSignUpPopUp</td>
<td><div><pre>org.testng.TestNGException: 
Parameter &apos;browser&apos; is required by BeforeTest on method openBrowser but has not been marked @Optional or defined
in C:\Users\Avinash Kulkarni\eclipse-workspace\AmazonAutomation\testng.xml
... Removed 21 stack frames</pre></div><a href='#' onClick='toggleBox("stack-trace580871917", this, "Click to show all stack frames", "Click to hide stack frames")'>Click to show all stack frames</a>
<div class='stack-trace' id='stack-trace580871917'><pre>org.testng.TestNGException: 
Parameter &apos;browser&apos; is required by BeforeTest on method openBrowser but has not been marked @Optional or defined
in C:\Users\Avinash Kulkarni\eclipse-workspace\AmazonAutomation\testng.xml
	at org.testng.internal.Parameters.createParams(Parameters.java:270)
	at org.testng.internal.Parameters.createParametersForMethod(Parameters.java:358)
	at org.testng.internal.Parameters.createParameters(Parameters.java:700)
	at org.testng.internal.Parameters.createConfigurationParameters(Parameters.java:168)
	at org.testng.internal.ConfigInvoker.invokeConfigurations(ConfigInvoker.java:302)
	at org.testng.TestRunner.invokeTestConfigurations(TestRunner.java:637)
	at org.testng.TestRunner.beforeRun(TestRunner.java:627)
	at org.testng.TestRunner.run(TestRunner.java:589)
	at org.testng.SuiteRunner.runTest(SuiteRunner.java:377)
	at org.testng.SuiteRunner.runSequentially(SuiteRunner.java:371)
	at org.testng.SuiteRunner.privateRun(SuiteRunner.java:332)
	at org.testng.SuiteRunner.run(SuiteRunner.java:276)
	at org.testng.SuiteRunnerWorker.runSuite(SuiteRunnerWorker.java:53)
	at org.testng.SuiteRunnerWorker.run(SuiteRunnerWorker.java:96)
	at org.testng.TestNG.runSuitesSequentially(TestNG.java:1212)
	at org.testng.TestNG.runSuitesLocally(TestNG.java:1134)
	at org.testng.TestNG.runSuites(TestNG.java:1063)
	at org.testng.TestNG.run(TestNG.java:1031)
	at org.testng.remote.AbstractRemoteTestNG.run(AbstractRemoteTestNG.java:115)
	at org.testng.remote.RemoteTestNG.initAndRun(RemoteTestNG.java:251)
	at org.testng.remote.RemoteTestNG.main(RemoteTestNG.java:77)
</pre></div></td>
<td>0</td>
<td>testNgpack.VerifyUserSignUpPopUp@64cd705f</td></tr>
<tr>
<td title='testNgpack.ToVerifyAddToCartOptionaOnApplication.testng1()'><b>testng1</b><br>Test class: testNgpack.ToVerifyAddToCartOptionaOnApplication</td>
<td><div><pre>org.testng.TestNGException: 
Parameter &apos;browser&apos; is required by BeforeTest on method openBrowser but has not been marked @Optional or defined
in C:\Users\Avinash Kulkarni\eclipse-workspace\AmazonAutomation\testng.xml
... Removed 21 stack frames</pre></div><a href='#' onClick='toggleBox("stack-trace366873404", this, "Click to show all stack frames", "Click to hide stack frames")'>Click to show all stack frames</a>
<div class='stack-trace' id='stack-trace366873404'><pre>org.testng.TestNGException: 
Parameter &apos;browser&apos; is required by BeforeTest on method openBrowser but has not been marked @Optional or defined
in C:\Users\Avinash Kulkarni\eclipse-workspace\AmazonAutomation\testng.xml
	at org.testng.internal.Parameters.createParams(Parameters.java:270)
	at org.testng.internal.Parameters.createParametersForMethod(Parameters.java:358)
	at org.testng.internal.Parameters.createParameters(Parameters.java:700)
	at org.testng.internal.Parameters.createConfigurationParameters(Parameters.java:168)
	at org.testng.internal.ConfigInvoker.invokeConfigurations(ConfigInvoker.java:302)
	at org.testng.TestRunner.invokeTestConfigurations(TestRunner.java:637)
	at org.testng.TestRunner.beforeRun(TestRunner.java:627)
	at org.testng.TestRunner.run(TestRunner.java:589)
	at org.testng.SuiteRunner.runTest(SuiteRunner.java:377)
	at org.testng.SuiteRunner.runSequentially(SuiteRunner.java:371)
	at org.testng.SuiteRunner.privateRun(SuiteRunner.java:332)
	at org.testng.SuiteRunner.run(SuiteRunner.java:276)
	at org.testng.SuiteRunnerWorker.runSuite(SuiteRunnerWorker.java:53)
	at org.testng.SuiteRunnerWorker.run(SuiteRunnerWorker.java:96)
	at org.testng.TestNG.runSuitesSequentially(TestNG.java:1212)
	at org.testng.TestNG.runSuitesLocally(TestNG.java:1134)
	at org.testng.TestNG.runSuites(TestNG.java:1063)
	at org.testng.TestNG.run(TestNG.java:1031)
	at org.testng.remote.AbstractRemoteTestNG.run(AbstractRemoteTestNG.java:115)
	at org.testng.remote.RemoteTestNG.initAndRun(RemoteTestNG.java:251)
	at org.testng.remote.RemoteTestNG.main(RemoteTestNG.java:77)
</pre></div></td>
<td>0</td>
<td>testNgpack.ToVerifyAddToCartOptionaOnApplication@1700915</td></tr>
<tr>
<td title='testNgpack.ToVerifyAddToCartOptionaOnApplication.testng()'><b>testng</b><br>Test class: testNgpack.ToVerifyAddToCartOptionaOnApplication</td>
<td><div><pre>org.testng.TestNGException: 
Parameter &apos;browser&apos; is required by BeforeTest on method openBrowser but has not been marked @Optional or defined
in C:\Users\Avinash Kulkarni\eclipse-workspace\AmazonAutomation\testng.xml
... Removed 21 stack frames</pre></div><a href='#' onClick='toggleBox("stack-trace1961176822", this, "Click to show all stack frames", "Click to hide stack frames")'>Click to show all stack frames</a>
<div class='stack-trace' id='stack-trace1961176822'><pre>org.testng.TestNGException: 
Parameter &apos;browser&apos; is required by BeforeTest on method openBrowser but has not been marked @Optional or defined
in C:\Users\Avinash Kulkarni\eclipse-workspace\AmazonAutomation\testng.xml
	at org.testng.internal.Parameters.createParams(Parameters.java:270)
	at org.testng.internal.Parameters.createParametersForMethod(Parameters.java:358)
	at org.testng.internal.Parameters.createParameters(Parameters.java:700)
	at org.testng.internal.Parameters.createConfigurationParameters(Parameters.java:168)
	at org.testng.internal.ConfigInvoker.invokeConfigurations(ConfigInvoker.java:302)
	at org.testng.TestRunner.invokeTestConfigurations(TestRunner.java:637)
	at org.testng.TestRunner.beforeRun(TestRunner.java:627)
	at org.testng.TestRunner.run(TestRunner.java:589)
	at org.testng.SuiteRunner.runTest(SuiteRunner.java:377)
	at org.testng.SuiteRunner.runSequentially(SuiteRunner.java:371)
	at org.testng.SuiteRunner.privateRun(SuiteRunner.java:332)
	at org.testng.SuiteRunner.run(SuiteRunner.java:276)
	at org.testng.SuiteRunnerWorker.runSuite(SuiteRunnerWorker.java:53)
	at org.testng.SuiteRunnerWorker.run(SuiteRunnerWorker.java:96)
	at org.testng.TestNG.runSuitesSequentially(TestNG.java:1212)
	at org.testng.TestNG.runSuitesLocally(TestNG.java:1134)
	at org.testng.TestNG.runSuites(TestNG.java:1063)
	at org.testng.TestNG.run(TestNG.java:1031)
	at org.testng.remote.AbstractRemoteTestNG.run(AbstractRemoteTestNG.java:115)
	at org.testng.remote.RemoteTestNG.initAndRun(RemoteTestNG.java:251)
	at org.testng.remote.RemoteTestNG.main(RemoteTestNG.java:77)
</pre></div></td>
<td>0</td>
<td>testNgpack.ToVerifyAddToCartOptionaOnApplication@1700915</td></tr>
<tr>
<td title='testNgpack.ToVerifytheproductDetails.testClass()'><b>testClass</b><br>Test class: testNgpack.ToVerifytheproductDetails</td>
<td><div><pre>org.testng.TestNGException: 
Parameter &apos;browser&apos; is required by BeforeTest on method openBrowser but has not been marked @Optional or defined
in C:\Users\Avinash Kulkarni\eclipse-workspace\AmazonAutomation\testng.xml
... Removed 21 stack frames</pre></div><a href='#' onClick='toggleBox("stack-trace989892772", this, "Click to show all stack frames", "Click to hide stack frames")'>Click to show all stack frames</a>
<div class='stack-trace' id='stack-trace989892772'><pre>org.testng.TestNGException: 
Parameter &apos;browser&apos; is required by BeforeTest on method openBrowser but has not been marked @Optional or defined
in C:\Users\Avinash Kulkarni\eclipse-workspace\AmazonAutomation\testng.xml
	at org.testng.internal.Parameters.createParams(Parameters.java:270)
	at org.testng.internal.Parameters.createParametersForMethod(Parameters.java:358)
	at org.testng.internal.Parameters.createParameters(Parameters.java:700)
	at org.testng.internal.Parameters.createConfigurationParameters(Parameters.java:168)
	at org.testng.internal.ConfigInvoker.invokeConfigurations(ConfigInvoker.java:302)
	at org.testng.TestRunner.invokeTestConfigurations(TestRunner.java:637)
	at org.testng.TestRunner.beforeRun(TestRunner.java:627)
	at org.testng.TestRunner.run(TestRunner.java:589)
	at org.testng.SuiteRunner.runTest(SuiteRunner.java:377)
	at org.testng.SuiteRunner.runSequentially(SuiteRunner.java:371)
	at org.testng.SuiteRunner.privateRun(SuiteRunner.java:332)
	at org.testng.SuiteRunner.run(SuiteRunner.java:276)
	at org.testng.SuiteRunnerWorker.runSuite(SuiteRunnerWorker.java:53)
	at org.testng.SuiteRunnerWorker.run(SuiteRunnerWorker.java:96)
	at org.testng.TestNG.runSuitesSequentially(TestNG.java:1212)
	at org.testng.TestNG.runSuitesLocally(TestNG.java:1134)
	at org.testng.TestNG.runSuites(TestNG.java:1063)
	at org.testng.TestNG.run(TestNG.java:1031)
	at org.testng.remote.AbstractRemoteTestNG.run(AbstractRemoteTestNG.java:115)
	at org.testng.remote.RemoteTestNG.initAndRun(RemoteTestNG.java:251)
	at org.testng.remote.RemoteTestNG.main(RemoteTestNG.java:77)
</pre></div></td>
<td>0</td>
<td>testNgpack.ToVerifytheproductDetails@48ae9b55</td></tr>
<tr>
<td title='testNgpack.ToVerifySerchBaroption.testng1()'><b>testng1</b><br>Test class: testNgpack.ToVerifySerchBaroption</td>
<td><div><pre>org.testng.TestNGException: 
Parameter &apos;browser&apos; is required by BeforeTest on method openBrowser but has not been marked @Optional or defined
in C:\Users\Avinash Kulkarni\eclipse-workspace\AmazonAutomation\testng.xml
... Removed 21 stack frames</pre></div><a href='#' onClick='toggleBox("stack-trace1261153343", this, "Click to show all stack frames", "Click to hide stack frames")'>Click to show all stack frames</a>
<div class='stack-trace' id='stack-trace1261153343'><pre>org.testng.TestNGException: 
Parameter &apos;browser&apos; is required by BeforeTest on method openBrowser but has not been marked @Optional or defined
in C:\Users\Avinash Kulkarni\eclipse-workspace\AmazonAutomation\testng.xml
	at org.testng.internal.Parameters.createParams(Parameters.java:270)
	at org.testng.internal.Parameters.createParametersForMethod(Parameters.java:358)
	at org.testng.internal.Parameters.createParameters(Parameters.java:700)
	at org.testng.internal.Parameters.createConfigurationParameters(Parameters.java:168)
	at org.testng.internal.ConfigInvoker.invokeConfigurations(ConfigInvoker.java:302)
	at org.testng.TestRunner.invokeTestConfigurations(TestRunner.java:637)
	at org.testng.TestRunner.beforeRun(TestRunner.java:627)
	at org.testng.TestRunner.run(TestRunner.java:589)
	at org.testng.SuiteRunner.runTest(SuiteRunner.java:377)
	at org.testng.SuiteRunner.runSequentially(SuiteRunner.java:371)
	at org.testng.SuiteRunner.privateRun(SuiteRunner.java:332)
	at org.testng.SuiteRunner.run(SuiteRunner.java:276)
	at org.testng.SuiteRunnerWorker.runSuite(SuiteRunnerWorker.java:53)
	at org.testng.SuiteRunnerWorker.run(SuiteRunnerWorker.java:96)
	at org.testng.TestNG.runSuitesSequentially(TestNG.java:1212)
	at org.testng.TestNG.runSuitesLocally(TestNG.java:1134)
	at org.testng.TestNG.runSuites(TestNG.java:1063)
	at org.testng.TestNG.run(TestNG.java:1031)
	at org.testng.remote.AbstractRemoteTestNG.run(AbstractRemoteTestNG.java:115)
	at org.testng.remote.RemoteTestNG.initAndRun(RemoteTestNG.java:251)
	at org.testng.remote.RemoteTestNG.main(RemoteTestNG.java:77)
</pre></div></td>
<td>0</td>
<td>testNgpack.ToVerifySerchBaroption@635eaaf1</td></tr>
</table><p>
</body>
</html>