<?xml version="1.0" encoding="UTF-8"?>
<testng-results ignored="2" total="3" passed="0" failed="1" skipped="0">
  <reporter-output>
  </reporter-output>
  <suite started-at="2023-09-03T23:55:06 IST" name="Suite" finished-at="2023-09-03T23:55:14 IST" duration-ms="7732">
    <groups>
    </groups>
    <test started-at="2023-09-03T23:55:06 IST" name="ChromeTest" finished-at="2023-09-03T23:55:14 IST" duration-ms="7732">
      <class name="testNgpack.VerifyUserSignUpPopUp">
        <test-method is-config="true" signature="openBrowser(java.lang.String)[pri:0, instance:testNgpack.VerifyUserSignUpPopUp@44ebcd03]" started-at="2023-09-03T23:55:06 IST" name="openBrowser" finished-at="2023-09-03T23:55:09 IST" duration-ms="2514" status="PASS">
          <params>
            <param index="0">
              <value>
                <![CDATA[Chrome]]>
              </value>
            </param>
          </params>
          <reporter-output>
          </reporter-output>
        </test-method> <!-- openBrowser -->
        <test-method is-config="true" signature="createPOMobject()[pri:0, instance:testNgpack.VerifyUserSignUpPopUp@44ebcd03]" started-at="2023-09-03T23:55:09 IST" name="createPOMobject" finished-at="2023-09-03T23:55:09 IST" duration-ms="16" status="PASS">
          <reporter-output>
          </reporter-output>
        </test-method> <!-- createPOMobject -->
        <test-method is-config="true" signature="gotoSignUpPopUp()[pri:0, instance:testNgpack.VerifyUserSignUpPopUp@44ebcd03]" started-at="2023-09-03T23:55:09 IST" name="gotoSignUpPopUp" finished-at="2023-09-03T23:55:13 IST" duration-ms="4916" status="PASS">
          <reporter-output>
          </reporter-output>
        </test-method> <!-- gotoSignUpPopUp -->
        <test-method signature="test()[pri:0, instance:testNgpack.VerifyUserSignUpPopUp@44ebcd03]" started-at="2023-09-03T23:55:13 IST" name="test" finished-at="2023-09-03T23:55:13 IST" duration-ms="34" status="FAIL">
          <exception class="java.lang.AssertionError">
            <message>
              <![CDATA[expected [] but found [Enter the email address or mobile phone number associated with your Amazon account.]]]>
            </message>
            <full-stacktrace>
              <![CDATA[java.lang.AssertionError: expected [] but found [Enter the email address or mobile phone number associated with your Amazon account.]
at org.testng.Assert.fail(Assert.java:99)
at org.testng.Assert.failNotEquals(Assert.java:1037)
at org.testng.Assert.assertEqualsImpl(Assert.java:140)
at org.testng.Assert.assertEquals(Assert.java:122)
at org.testng.Assert.assertEquals(Assert.java:629)
at org.testng.Assert.assertEquals(Assert.java:639)
at testNgpack.VerifyUserSignUpPopUp.test(VerifyUserSignUpPopUp.java:107)
at java.base/jdk.internal.reflect.NativeMethodAccessorImpl.invoke0(Native Method)
at java.base/jdk.internal.reflect.NativeMethodAccessorImpl.invoke(NativeMethodAccessorImpl.java:77)
at java.base/jdk.internal.reflect.DelegatingMethodAccessorImpl.invoke(DelegatingMethodAccessorImpl.java:43)
at java.base/java.lang.reflect.Method.invoke(Method.java:568)
at org.testng.internal.MethodInvocationHelper.invokeMethod(MethodInvocationHelper.java:133)
at org.testng.internal.TestInvoker.invokeMethod(TestInvoker.java:598)
at org.testng.internal.TestInvoker.invokeTestMethod(TestInvoker.java:173)
at org.testng.internal.MethodRunner.runInSequence(MethodRunner.java:46)
at org.testng.internal.TestInvoker$MethodInvocationAgent.invoke(TestInvoker.java:824)
at org.testng.internal.TestInvoker.invokeTestMethods(TestInvoker.java:146)
at org.testng.internal.TestMethodWorker.invokeTestMethods(TestMethodWorker.java:146)
at org.testng.internal.TestMethodWorker.run(TestMethodWorker.java:128)
at java.base/java.util.concurrent.ThreadPoolExecutor.runWorker(ThreadPoolExecutor.java:1136)
at java.base/java.util.concurrent.ThreadPoolExecutor$Worker.run(ThreadPoolExecutor.java:635)
at java.base/java.lang.Thread.run(Thread.java:833)
]]>
            </full-stacktrace>
          </exception> <!-- java.lang.AssertionError -->
          <reporter-output>
          </reporter-output>
        </test-method> <!-- test -->
        <test-method is-config="true" signature="logOutFromApplication(org.testng.ITestResult)[pri:0, instance:testNgpack.VerifyUserSignUpPopUp@44ebcd03]" started-at="2023-09-03T23:55:13 IST" name="logOutFromApplication" finished-at="2023-09-03T23:55:14 IST" duration-ms="113" status="PASS">
          <params>
            <param index="0">
              <value>
                <![CDATA[[TestResult name=test status=FAILURE method=VerifyUserSignUpPopUp.test()[pri:0, instance:testNgpack.VerifyUserSignUpPopUp@44ebcd03] output={null}]]]>
              </value>
            </param>
          </params>
          <reporter-output>
          </reporter-output>
        </test-method> <!-- logOutFromApplication -->
        <test-method is-config="true" signature="clearObject()[pri:0, instance:testNgpack.VerifyUserSignUpPopUp@44ebcd03]" started-at="2023-09-03T23:55:14 IST" name="clearObject" finished-at="2023-09-03T23:55:14 IST" duration-ms="0" status="PASS">
          <reporter-output>
          </reporter-output>
        </test-method> <!-- clearObject -->
        <test-method is-config="true" signature="closedBrowser()[pri:0, instance:testNgpack.VerifyUserSignUpPopUp@44ebcd03]" started-at="2023-09-03T23:55:14 IST" name="closedBrowser" finished-at="2023-09-03T23:55:14 IST" duration-ms="118" status="PASS">
          <reporter-output>
          </reporter-output>
        </test-method> <!-- closedBrowser -->
      </class> <!-- testNgpack.VerifyUserSignUpPopUp -->
    </test> <!-- ChromeTest -->
  </suite> <!-- Suite -->
</testng-results>
