<?xml version="1.0" encoding="UTF-8"?>
<!-- Generated by org.testng.reporters.JUnitXMLReporter -->
<testsuite ignored="2" hostname="Atharva" failures="0" tests="1" name="ChromeTest(failed)" time="6.986" errors="0" timestamp="2023-04-13T13:12:55 IST">
  <testcase classname="testNgpack.VerifyUserSignUpPopUp" name="@BeforeMethod gotoSignUpPopUp" time="6.088">
    <failure type="java.lang.IllegalArgumentException" message="Keys to send should be a not null CharSequence">
      <![CDATA[java.lang.IllegalArgumentException: Keys to send should be a not null CharSequence
at org.openqa.selenium.remote.RemoteWebElement.sendKeys(RemoteWebElement.java:97)
at org.openqa.selenium.support.pagefactory.internal.LocatingElementHandler.invoke(LocatingElementHandler.java:51)
at jdk.proxy2/jdk.proxy2.$Proxy17.sendKeys(Unknown Source)
at module.SignUpPopUp.sendEmailormobilephonenumber(SignUpPopUp.java:51)
at testNgpack.VerifyUserSignUpPopUp.gotoSignUpPopUp(VerifyUserSignUpPopUp.java:82)
at java.base/java.util.concurrent.ThreadPoolExecutor.runWorker(ThreadPoolExecutor.java:1136)
at java.base/java.util.concurrent.ThreadPoolExecutor$Worker.run(ThreadPoolExecutor.java:635)
at java.base/java.lang.Thread.run(Thread.java:833)
... Removed 20 stack frames]]>
    </failure>
  </testcase> <!-- @BeforeMethod gotoSignUpPopUp -->
  <testcase classname="testNgpack.VerifyUserSignUpPopUp" name="@AfterMethod logOutFromApplication" time="-1.681371775085E9">
    <skipped/>
  </testcase> <!-- @AfterMethod logOutFromApplication -->
  <testcase classname="testNgpack.VerifyUserSignUpPopUp" name="@AfterClass clearObject" time="-1.681371775086E9">
    <skipped/>
  </testcase> <!-- @AfterClass clearObject -->
  <testcase classname="testNgpack.VerifyUserSignUpPopUp" name="@AfterTest closedBrowser" time="-1.681371775087E9">
    <skipped/>
  </testcase> <!-- @AfterTest closedBrowser -->
  <testcase classname="testNgpack.VerifyUserSignUpPopUp" name="test" time="0.0">
    <skipped/>
  </testcase> <!-- test -->
  <testcase classname="testNgpack.VerifyUserSignUpPopUp" name="test123" time="0.0">
    <ignored/>
  </testcase> <!-- test123 -->
  <testcase classname="testNgpack.VerifyUserSignUpPopUp" name="test1234" time="0.0">
    <ignored/>
  </testcase> <!-- test1234 -->
</testsuite> <!-- ChromeTest(failed) -->
